<?xml version="1.0" encoding="UTF-8"?>
<testsuite xmlns:xsi="http://www.w3.org/2001/XMLSchema-instance" xsi:noNamespaceSchemaLocation="https://maven.apache.org/surefire/maven-surefire-plugin/xsd/surefire-test-report.xsd" name="ThreeCardTest" time="0.129" tests="30" errors="0" skipped="0" failures="0">
  <properties>
[...]
</properties>
  <testcase name="straightHandTest" classname="ThreeCardTest" time="0.02"/>
  <testcase name="dealerGets3Cards" classname="ThreeCardTest" time="0.012"/>
  <testcase name="n_pairHandTest" classname="ThreeCardTest" time="0"/>
  <testcase name="evalPP_straightFlushHandTest" classname="ThreeCardTest" time="0"/>
  <testcase name="evalPP_pairHandTest" classname="ThreeCardTest" time="0"/>
  <testcase name="playerWinningsIncrement" classname="ThreeCardTest" time="0"/>
  <testcase name="n_straightFlushHandTest" classname="ThreeCardTest" time="0"/>
  <testcase name="playerGets3Cards" classname="ThreeCardTest" time="0.02"/>
  <testcase name="dealerGetsNewHand" classname="ThreeCardTest" time="0.016"/>
  <testcase name="n_flushHandTest" classname="ThreeCardTest" time="0"/>
  <testcase name="n_threeOfAKindHandTest" classname="ThreeCardTest" time="0"/>
  <testcase name="straightFlushHandTest" classname="ThreeCardTest" time="0"/>
  <testcase name="n_evalPP_flushHandTest" classname="ThreeCardTest" time="0"/>
  <testcase name="n_straightHandTest" classname="ThreeCardTest" time="0"/>
  <testcase name="evalPP_straightHandTest" classname="ThreeCardTest" time="0"/>
  <testcase name="pairHandTest" classname="ThreeCardTest" time="0"/>
  <testcase name="n_evalPP_pairHandTest" classname="ThreeCardTest" time="0"/>
  <testcase name="playerWinningsDecrement" classname="ThreeCardTest" time="0"/>
  <testcase name="testDealerInit" classname="ThreeCardTest" time="0"/>
  <testcase name="evalPP_threeOfAKindHandTest" classname="ThreeCardTest" time="0"/>
  <testcase name="n_evalPP_straightHandTest" classname="ThreeCardTest" time="0"/>
  <testcase name="n_evalPP_straightFlushHandTest" classname="ThreeCardTest" time="0"/>
  <testcase name="n_evalPP_threeOfAKindHandTest" classname="ThreeCardTest" time="0"/>
  <testcase name="dealerAndPlayerHaveDifferentThirdCard" classname="ThreeCardTest" time="0.016"/>
  <testcase name="flushHandTest" classname="ThreeCardTest" time="0"/>
  <testcase name="testPlayerInit" classname="ThreeCardTest" time="0"/>
  <testcase name="threeOfAKindHandTest" classname="ThreeCardTest" time="0"/>
  <testcase name="evalPP_flushHandTest" classname="ThreeCardTest" time="0"/>
  <testcase name="dealerAndPlayerHaveDifferentSecondCard" classname="ThreeCardTest" time="0.012"/>
  <testcase name="dealerAndPlayerHaveDifferentFirstCard" classname="ThreeCardTest" time="0.016"/>
</testsuite>